Bundler 2.4.10 is running, but your lockfile was generated with 2.6.9. Installing Bundler 2.6.9 and restarting using that version.
Ignoring cgi-0.5.1 because its extensions are not built. Try: gem pristine cgi --version 0.5.1
Ignoring psych-5.3.1 because its extensions are not built. Try: gem pristine psych --version 5.3.1
Ignoring stringio-3.2.0 because its extensions are not built. Try: gem pristine stringio --version 3.2.0
Ignoring date-3.5.1 because its extensions are not built. Try: gem pristine date --version 3.5.1
Ignoring date-3.5.1 because its extensions are not built. Try: gem pristine date --version 3.5.1
WARN: Unresolved or ambiguous specs during Gem::Specification.reset:
      stringio (>= 0)
      Available/installed versions of this gem:
      - 3.2.0
      - 3.0.4
WARN: Clearing out unresolved specs. Try 'gem cleanup <gem>'
Please report a bug if this causes problems.
--- ERROR REPORT TEMPLATE -------------------------------------------------------

```
LoadError: libruby.so.3.4: cannot open shared object file: No such file or directory - /usr/local/bundle/gems/date-3.5.1/lib/date_core.so
  <internal:/usr/local/lib/ruby/3.2.0/rubygems/core_ext/kernel_require.rb>:148:in `require'
  <internal:/usr/local/lib/ruby/3.2.0/rubygems/core_ext/kernel_require.rb>:148:in `require'
  /usr/local/bundle/gems/date-3.5.1/lib/date.rb:4:in `<top (required)>'
  <internal:/usr/local/lib/ruby/3.2.0/rubygems/core_ext/kernel_require.rb>:148:in `require'
  <internal:/usr/local/lib/ruby/3.2.0/rubygems/core_ext/kernel_require.rb>:148:in `require'
  /usr/local/bundle/gems/psych-5.3.1/lib/psych.rb:2:in `<top (required)>'
  <internal:/usr/local/lib/ruby/3.2.0/rubygems/core_ext/kernel_require.rb>:148:in `require'
  <internal:/usr/local/lib/ruby/3.2.0/rubygems/core_ext/kernel_require.rb>:148:in `require'
  /usr/local/lib/ruby/3.2.0/rubygems.rb:608:in `load_yaml'
  /usr/local/lib/ruby/3.2.0/rubygems/config_file.rb:346:in `load_file'
  /usr/local/lib/ruby/3.2.0/rubygems/config_file.rb:189:in `initialize'
  /usr/local/lib/ruby/3.2.0/rubygems.rb:329:in `new'
  /usr/local/lib/ruby/3.2.0/rubygems.rb:329:in `configuration'
  /usr/local/lib/ruby/3.2.0/bundler/fetcher.rb:244:in `connection'
  /usr/local/lib/ruby/3.2.0/bundler/fetcher.rb:90:in `initialize'
  /usr/local/lib/ruby/3.2.0/bundler/source/rubygems.rb:256:in `new'
  /usr/local/lib/ruby/3.2.0/bundler/source/rubygems.rb:256:in `block in fetchers'
  /usr/local/lib/ruby/3.2.0/bundler/source/rubygems.rb:254:in `map'
  /usr/local/lib/ruby/3.2.0/bundler/source/rubygems.rb:254:in `fetchers'
  /usr/local/lib/ruby/3.2.0/bundler/source/rubygems.rb:399:in `block in remote_specs'
  /usr/local/lib/ruby/3.2.0/bundler/index.rb:9:in `build'
  /usr/local/lib/ruby/3.2.0/bundler/source/rubygems.rb:398:in `remote_specs'
  /usr/local/lib/ruby/3.2.0/bundler/source/rubygems.rb:131:in `specs'
  /usr/local/lib/ruby/3.2.0/bundler/self_manager.rb:117:in `remote_specs'
  /usr/local/lib/ruby/3.2.0/bundler/self_manager.rb:125:in `find_latest_matching_spec'
  /usr/local/lib/ruby/3.2.0/bundler/self_manager.rb:44:in `install_and_restart_with'
  /usr/local/lib/ruby/3.2.0/bundler/self_manager.rb:22:in `install_locked_bundler_and_restart_with_it_if_needed'
  /usr/local/lib/ruby/3.2.0/bundler/cli/install.rb:15:in `run'
  /usr/local/lib/ruby/3.2.0/bundler/cli.rb:261:in `block in install'
  /usr/local/lib/ruby/3.2.0/bundler/settings.rb:131:in `temporary'
  /usr/local/lib/ruby/3.2.0/bundler/cli.rb:260:in `install'
  /usr/local/lib/ruby/3.2.0/bundler/vendor/thor/lib/thor/command.rb:27:in `run'
  /usr/local/lib/ruby/3.2.0/bundler/vendor/thor/lib/thor/invocation.rb:127:in `invoke_command'
  /usr/local/lib/ruby/3.2.0/bundler/vendor/thor/lib/thor.rb:392:in `dispatch'
  /usr/local/lib/ruby/3.2.0/bundler/cli.rb:34:in `dispatch'
  /usr/local/lib/ruby/3.2.0/bundler/vendor/thor/lib/thor/base.rb:485:in `start'
  /usr/local/lib/ruby/3.2.0/bundler/cli.rb:28:in `start'
  /usr/local/lib/ruby/gems/3.2.0/gems/bundler-2.4.10/libexec/bundle:45:in `block in <top (required)>'
  /usr/local/lib/ruby/3.2.0/bundler/friendly_errors.rb:117:in `with_friendly_errors'
  /usr/local/lib/ruby/gems/3.2.0/gems/bundler-2.4.10/libexec/bundle:33:in `<top (required)>'
  /usr/local/bin/bundle:25:in `load'
  /usr/local/bin/bundle:25:in `<main>'

```

## Environment

```
Bundler       2.4.10
  Platforms   ruby, x86_64-linux
Ruby          3.2.2p53 (2023-03-30 revision e51014f9c05aa65cbf203442d37fef7c12390015) [x86_64-linux]
  Full Path   /usr/local/bin/ruby
  Config Dir  /usr/local/etc
RubyGems      3.4.10
  Gem Home    /usr/local/bundle
  Gem Path    /root/.local/share/gem/ruby/3.2.0:/usr/local/lib/ruby/gems/3.2.0:/usr/local/bundle
  User Home   /root
  User Path   /root/.local/share/gem/ruby/3.2.0
  Bin Dir     /usr/local/bundle/bin
OpenSSL       
  Compiled    OpenSSL 3.0.11 19 Sep 2023
  Loaded      OpenSSL 3.0.11 19 Sep 2023
  Cert File   /usr/lib/ssl/cert.pem
  Cert Dir    /usr/lib/ssl/certs
Tools         
  Git         2.39.2
  RVM         not installed
  rbenv       not installed
  chruby      not installed
```

## Bundler Build Metadata

```
Built At          2026-03-31
Git SHA           unknown
Released Version  false
```

## Bundler settings

```
app_config
  Set via BUNDLE_APP_CONFIG: "/usr/local/bundle"
silence_root_warning
  Set via BUNDLE_SILENCE_ROOT_WARNING: true
```

## Gemfile

### Gemfile

```ruby
source "https://rubygems.org"

ruby "3.2.2"

# Bundle edge Rails instead: gem "rails", github: "rails/rails", branch: "main"
gem "rails", "~> 7.1.3"

# Markdown 娓叉煋
gem "redcarpet"  # 鏂板锛岀敤浜庢覆鏌?Markdown

# The original asset pipeline for Rails [https://github.com/rails/sprockets-rails]
gem "sprockets-rails"

# Use sqlite3 as the database for Active Record
group :development, :test do
  gem "sqlite3", "~> 1.4"
end

group :production do
  gem "pg"
end

# Use the Puma web server [https://github.com/puma/puma]
gem "puma", ">= 5.0"

# Use JavaScript with ESM import maps [https://github.com/rails/importmap-rails]
gem "importmap-rails"

# Hotwire's SPA-like page accelerator [https://turbo.hotwired.dev]
gem "turbo-rails"

# Hotwire's modest JavaScript framework [https://stimulus.hotwired.dev]
gem "stimulus-rails"

# Build JSON APIs with ease [https://github.com/rails/jbuilder]
gem "jbuilder"

# Use Redis adapter to run Action Cable in production
# gem "redis", ">= 4.0.1"

# Use Kredis to get higher-level data types in Redis [https://github.com/rails/kredis]
# gem "kredis"

# Use Active Model has_secure_password [https://guides.rubyonrails.org/active_model_basics.html#securepassword]
# gem "bcrypt", "~> 3.1.7"

# Windows does not include zoneinfo files, so bundle the tzinfo-data gem
gem "tzinfo-data", platforms: %i[ windows jruby ]

# Reduces boot times through caching; required in config/boot.rb
gem "bootsnap", require: false

# Use Active Storage variants [https://guides.rubyonrails.org/active_storage_overview.html#transforming-images]
# gem "image_processing", "~> 1.2"

group :development, :test do
  # See https://guides.rubyonrails.org/debugging_rails_applications.html#debugging-with-the-debug-gem
  gem "debug", platforms: %i[ mri windows ]
end

group :development do
  # Use console on exceptions pages [https://github.com/rails/web-console]
  gem "web-console"

  # Add speed badges [https://github.com/MiniProfiler/rack-mini-profiler]
  # gem "rack-mini-profiler"

  # Speed up commands on slow machines / big apps [https://github.com/rails/spring]
  # gem "spring"
end

group :test do
  # Use system testing [https://guides.rubyonrails.org/testing.html#system-testing]
  # gem "capybara"
  # gem "selenium-webdriver"
end
```

### Gemfile.lock

```
GEM
  remote: https://rubygems.org/
  specs:
    actioncable (7.1.6)
      actionpack (= 7.1.6)
      activesupport (= 7.1.6)
      nio4r (~> 2.0)
      websocket-driver (>= 0.6.1)
      zeitwerk (~> 2.6)
    actionmailbox (7.1.6)
      actionpack (= 7.1.6)
      activejob (= 7.1.6)
      activerecord (= 7.1.6)
      activestorage (= 7.1.6)
      activesupport (= 7.1.6)
      mail (>= 2.7.1)
      net-imap
      net-pop
      net-smtp
    actionmailer (7.1.6)
      actionpack (= 7.1.6)
      actionview (= 7.1.6)
      activejob (= 7.1.6)
      activesupport (= 7.1.6)
      mail (~> 2.5, >= 2.5.4)
      net-imap
      net-pop
      net-smtp
      rails-dom-testing (~> 2.2)
    actionpack (7.1.6)
      actionview (= 7.1.6)
      activesupport (= 7.1.6)
      cgi
      nokogiri (>= 1.8.5)
      racc
      rack (>= 2.2.4)
      rack-session (>= 1.0.1)
      rack-test (>= 0.6.3)
      rails-dom-testing (~> 2.2)
      rails-html-sanitizer (~> 1.6)
    actiontext (7.1.6)
      actionpack (= 7.1.6)
      activerecord (= 7.1.6)
      activestorage (= 7.1.6)
      activesupport (= 7.1.6)
      globalid (>= 0.6.0)
      nokogiri (>= 1.8.5)
    actionview (7.1.6)
      activesupport (= 7.1.6)
      builder (~> 3.1)
      cgi
      erubi (~> 1.11)
      rails-dom-testing (~> 2.2)
      rails-html-sanitizer (~> 1.6)
    activejob (7.1.6)
      activesupport (= 7.1.6)
      globalid (>= 0.3.6)
    activemodel (7.1.6)
      activesupport (= 7.1.6)
    activerecord (7.1.6)
      activemodel (= 7.1.6)
      activesupport (= 7.1.6)
      timeout (>= 0.4.0)
    activestorage (7.1.6)
      actionpack (= 7.1.6)
      activejob (= 7.1.6)
      activerecord (= 7.1.6)
      activesupport (= 7.1.6)
      marcel (~> 1.0)
    activesupport (7.1.6)
      base64
      benchmark (>= 0.3)
      bigdecimal
      concurrent-ruby (~> 1.0, >= 1.0.2)
      connection_pool (>= 2.2.5)
      drb
      i18n (>= 1.6, < 2)
      logger (>= 1.4.2)
      minitest (>= 5.1)
      mutex_m
      securerandom (>= 0.3)
      tzinfo (~> 2.0)
    base64 (0.3.0)
    benchmark (0.5.0)
    bigdecimal (4.1.0)
    bindex (0.8.1)
    bootsnap (1.23.0)
      msgpack (~> 1.2)
    builder (3.3.0)
    cgi (0.5.1)
    concurrent-ruby (1.3.6)
    connection_pool (3.0.2)
    crass (1.0.6)
    date (3.5.1)
    debug (1.11.1)
      irb (~> 1.10)
      reline (>= 0.3.8)
    drb (2.2.3)
    erb (6.0.2)
    erubi (1.13.1)
    globalid (1.3.0)
      activesupport (>= 6.1)
    i18n (1.14.8)
      concurrent-ruby (~> 1.0)
    importmap-rails (2.2.3)
      actionpack (>= 6.0.0)
      activesupport (>= 6.0.0)
      railties (>= 6.0.0)
    io-console (0.8.2)
    irb (1.17.0)
      pp (>= 0.6.0)
      prism (>= 1.3.0)
      rdoc (>= 4.0.0)
      reline (>= 0.4.2)
    jbuilder (2.14.1)
      actionview (>= 7.0.0)
      activesupport (>= 7.0.0)
    logger (1.7.0)
    loofah (2.25.1)
      crass (~> 1.0.2)
      nokogiri (>= 1.12.0)
    mail (2.9.0)
      logger
      mini_mime (>= 0.1.1)
      net-imap
      net-pop
      net-smtp
    marcel (1.1.0)
    mini_mime (1.1.5)
    mini_portile2 (2.8.9)
    minitest (6.0.2)
      drb (~> 2.0)
      prism (~> 1.5)
    msgpack (1.8.0)
    mutex_m (0.3.0)
    net-imap (0.6.3)
      date
      net-protocol
    net-pop (0.1.2)
      net-protocol
    net-protocol (0.2.2)
      timeout
    net-smtp (0.5.1)
      net-protocol
    nio4r (2.7.5)
    nokogiri (1.19.2-aarch64-linux-gnu)
      racc (~> 1.4)
    nokogiri (1.19.2-aarch64-linux-musl)
      racc (~> 1.4)
    nokogiri (1.19.2-arm-linux-gnu)
      racc (~> 1.4)
    nokogiri (1.19.2-arm-linux-musl)
      racc (~> 1.4)
    nokogiri (1.19.2-arm64-darwin)
      racc (~> 1.4)
    nokogiri (1.19.2-x86_64-darwin)
      racc (~> 1.4)
    nokogiri (1.19.2-x86_64-linux-gnu)
      racc (~> 1.4)
    nokogiri (1.19.2-x86_64-linux-musl)
      racc (~> 1.4)
    pg (1.6.3)
    pg (1.6.3-aarch64-linux)
    pg (1.6.3-aarch64-linux-musl)
    pg (1.6.3-arm64-darwin)
    pg (1.6.3-x86_64-darwin)
    pg (1.6.3-x86_64-linux)
    pg (1.6.3-x86_64-linux-musl)
    pp (0.6.3)
      prettyprint
    prettyprint (0.2.0)
    prism (1.9.0)
    psych (5.3.1)
      date
      stringio
    puma (7.2.0)
      nio4r (~> 2.0)
    racc (1.8.1)
    rack (3.2.5)
    rack-session (2.1.1)
      base64 (>= 0.1.0)
      rack (>= 3.0.0)
    rack-test (2.2.0)
      rack (>= 1.3)
    rackup (2.3.1)
      rack (>= 3)
    rails (7.1.6)
      actioncable (= 7.1.6)
      actionmailbox (= 7.1.6)
      actionmailer (= 7.1.6)
      actionpack (= 7.1.6)
      actiontext (= 7.1.6)
      actionview (= 7.1.6)
      activejob (= 7.1.6)
      activemodel (= 7.1.6)
      activerecord (= 7.1.6)
      activestorage (= 7.1.6)
      activesupport (= 7.1.6)
      bundler (>= 1.15.0)
      railties (= 7.1.6)
    rails-dom-testing (2.3.0)
      activesupport (>= 5.0.0)
      minitest
      nokogiri (>= 1.6)
    rails-html-sanitizer (1.7.0)
      loofah (~> 2.25)
      nokogiri (>= 1.15.7, != 1.16.7, != 1.16.6, != 1.16.5, != 1.16.4, != 1.16.3, != 1.16.2, != 1.16.1, != 1.16.0.rc1, != 1.16.0)
    railties (7.1.6)
      actionpack (= 7.1.6)
      activesupport (= 7.1.6)
      cgi
      irb
      rackup (>= 1.0.0)
      rake (>= 12.2)
      thor (~> 1.0, >= 1.2.2)
      tsort (>= 0.2)
      zeitwerk (~> 2.6)
    rake (13.3.1)
    rdoc (7.2.0)
      erb
      psych (>= 4.0.0)
      tsort
    redcarpet (3.6.1)
    reline (0.6.3)
      io-console (~> 0.5)
    securerandom (0.4.1)
    sprockets (4.2.2)
      concurrent-ruby (~> 1.0)
      logger
      rack (>= 2.2.4, < 4)
    sprockets-rails (3.5.2)
      actionpack (>= 6.1)
      activesupport (>= 6.1)
      sprockets (>= 3.0.0)
    sqlite3 (1.7.3)
      mini_portile2 (~> 2.8.0)
    stimulus-rails (1.3.4)
      railties (>= 6.0.0)
    stringio (3.2.0)
    thor (1.5.0)
    timeout (0.6.1)
    tsort (0.2.0)
    turbo-rails (2.0.23)
      actionpack (>= 7.1.0)
      railties (>= 7.1.0)
    tzinfo (2.0.6)
      concurrent-ruby (~> 1.0)
    web-console (4.2.1)
      actionview (>= 6.0.0)
      activemodel (>= 6.0.0)
      bindex (>= 0.4.0)
      railties (>= 6.0.0)
    websocket-driver (0.8.0)
      base64
      websocket-extensions (>= 0.1.0)
    websocket-extensions (0.1.5)
    zeitwerk (2.7.5)

PLATFORMS
  aarch64-linux
  aarch64-linux-gnu
  aarch64-linux-musl
  arm-linux-gnu
  arm-linux-musl
  arm64-darwin
  x86_64-darwin
  x86_64-linux-gnu
  x86_64-linux-musl

DEPENDENCIES
  bootsnap
  debug
  importmap-rails
  jbuilder
  pg
  puma (>= 5.0)
  rails (~> 7.1.3)
  redcarpet
  sprockets-rails
  sqlite3 (~> 1.4)
  stimulus-rails
  turbo-rails
  tzinfo-data
  web-console

RUBY VERSION
   ruby 3.2.2

BUNDLED WITH
   2.6.9
```

--- TEMPLATE END ----------------------------------------------------------------

Unfortunately, an unexpected error occurred, and Bundler cannot continue.

First, try this link to see if there are any existing issue reports for this error:
https://github.com/rubygems/rubygems/search?q=libruby.so.3.4++cannot+open+shared+object+file++No+such+file+or+directory+-+%2Fusr%2Flocal%2Fbundle%2Fgems%2Fdate-3.5.1%2Flib%2Fdate_core.so&type=Issues

If there aren't any reports for this error yet, please fill in the new issue form located at https://github.com/rubygems/rubygems/issues/new?labels=Bundler&template=bundler-related-issue.md, and copy and paste the report template above in there.
